example/proguard/seeds.txt
com.slidingmenu.example.BaseActivity
com.slidingmenu.example.BaseActivity: BaseActivity(int)
com.slidingmenu.example.ExampleListActivity
com.slidingmenu.example.ExampleListActivity: ExampleListActivity()
com.slidingmenu.example.PropertiesActivity
com.slidingmenu.example.PropertiesActivity: PropertiesActivity()
com.slidingmenu.example.SlidingContent
com.slidingmenu.example.SlidingContent: SlidingContent()
com.slidingmenu.example.SlidingTitleBar
com.slidingmenu.example.SlidingTitleBar: SlidingTitleBar()
com.slidingmenu.example.ViewPagerActivity
com.slidingmenu.example.ViewPagerActivity: ViewPagerActivity()
com.slidingmenu.example.anim.CustomAnimation
com.slidingmenu.example.anim.CustomAnimation: CustomAnimation(int,com.slidingmenu.lib.SlidingMenu$CanvasTransformer)
com.slidingmenu.example.anim.CustomScaleAnimation
com.slidingmenu.example.anim.CustomScaleAnimation: CustomScaleAnimation()
com.slidingmenu.example.anim.CustomSlideAnimation
com.slidingmenu.example.anim.CustomSlideAnimation: CustomSlideAnimation()
com.slidingmenu.example.anim.CustomZoomAnimation
com.slidingmenu.example.anim.CustomZoomAnimation: CustomZoomAnimation()
com.slidingmenu.example.fragments.BirdActivity
com.slidingmenu.example.fragments.BirdActivity: BirdActivity()
com.slidingmenu.example.fragments.FragmentChangeActivity
com.slidingmenu.example.fragments.FragmentChangeActivity: FragmentChangeActivity()
com.slidingmenu.example.fragments.ResponsiveUIActivity
com.slidingmenu.example.fragments.ResponsiveUIActivity: ResponsiveUIActivity()
...
com.actionbarsherlock.widget.ActivityChooserModel$SerialExecutor$1
com.actionbarsherlock.widget.ActivityChooserModel$SerialExecutor$1: com.actionbarsherlock.widget.ActivityChooserModel$SerialExecutor this$1
com.actionbarsherlock.widget.ActivityChooserModel$SerialExecutor$1: java.lang.Runnable val$r
com.actionbarsherlock.widget.ActivityChooserModel$SerialExecutor$1: ActivityChooserModel$SerialExecutor$1(com.actionbarsherlock.widget.ActivityChooserModel$SerialExecutor,java.lang.Runnable)
com.actionbarsherlock.widget.ActivityChooserModel$SerialExecutor$1: void run()
com.actionbarsherlock.widget.ActivityChooserView
com.actionbarsherlock.widget.ActivityChooserView: com.actionbarsherlock.widget.ActivityChooserView$ActivityChooserViewAdapter mAdapter
com.actionbarsherlock.widget.ActivityChooserView: com.actionbarsherlock.widget.ActivityChooserView$Callbacks mCallbacks
com.actionbarsherlock.widget.ActivityChooserView: com.actionbarsherlock.internal.widget.IcsLinearLayout mActivityChooserContent
com.actionbarsherlock.widget.ActivityChooserView: android.graphics.drawable.Drawable mActivityChooserContentBackground
com.actionbarsherlock.widget.ActivityChooserView: android.widget.FrameLayout mExpandActivityOverflowButton
com.actionbarsherlock.widget.ActivityChooserView: android.widget.ImageView mExpandActivityOverflowButtonImage
com.actionbarsherlock.widget.ActivityChooserView: android.widget.FrameLayout mDefaultActivityButton
com.actionbarsherlock.widget.ActivityChooserView: android.widget.ImageView mDefaultActivityButtonImage
com.actionbarsherlock.widget.ActivityChooserView: int mListPopupMaxWidth
com.actionbarsherlock.widget.ActivityChooserView: com.actionbarsherlock.view.ActionProvider mProvider
com.actionbarsherlock.widget.ActivityChooserView: android.database.DataSetObserver mModelDataSetOberver
com.actionbarsherlock.widget.ActivityChooserView: android.view.ViewTreeObserver$OnGlobalLayoutListener mOnGlobalLayoutListener
com.actionbarsherlock.widget.ActivityChooserView$1
com.actionbarsherlock.widget.ActivityChooserView$1: com.actionbarsherlock.widget.ActivityChooserView this$0
com.actionbarsherlock.widget.ActivityChooserView$1: ActivityChooserView$1(com.actionbarsherlock.widget.ActivityChooserView)
com.actionbarsherlock.widget.ActivityChooserView$1: void onChanged()
com.actionbarsherlock.widget.ActivityChooserView$1: void onInvalidated()
com.actionbarsherlock.widget.ActivityChooserView$2
com.actionbarsherlock.widget.ActivityChooserView$2: com.actionbarsherlock.widget.ActivityChooserView this$0
com.actionbarsherlock.widget.ActivityChooserView$2: ActivityChooserView$2(com.actionbarsherlock.widget.ActivityChooserView)
com.actionbarsherlock.widget.ActivityChooserView$2: void onGlobalLayout()
com.actionbarsherlock.widget.ActivityChooserView$3
com.actionbarsherlock.widget.ActivityChooserView$3: com.actionbarsherlock.widget.ActivityChooserView this$0
com.actionbarsherlock.widget.ActivityChooserView$3: ActivityChooserView$3(com.actionbarsherlock.widget.ActivityChooserView)
com.actionbarsherlock.widget.ActivityChooserView$3: void onChanged()