example/proguard/mapping.txt
com.slidingmenu.example.BaseActivity -> com.slidingmenu.example.BaseActivity:
    int mTitleRes -> b
    android.support.v4.app.ListFragment mFrag -> a
    void onCreate(android.os.Bundle) -> onCreate
    boolean onOptionsItemSelected(com.actionbarsherlock.view.MenuItem) -> onOptionsItemSelected
    boolean onCreateOptionsMenu(com.actionbarsherlock.view.Menu) -> onCreateOptionsMenu
com.slidingmenu.example.ExampleListActivity -> com.slidingmenu.example.ExampleListActivity:
    com.slidingmenu.example.ExampleListActivity$ActivityAdapter mAdapter -> a
    void onCreate(android.os.Bundle) -> onCreate
    boolean onPreferenceTreeClick(android.preference.PreferenceScreen,android.preference.Preference) -> onPreferenceTreeClick
    void onListItemClick(android.widget.ListView,android.view.View,int,long) -> onListItemClick
    boolean onOptionsItemSelected(com.actionbarsherlock.view.MenuItem) -> onOptionsItemSelected
    boolean onCreateOptionsMenu(com.actionbarsherlock.view.Menu) -> onCreateOptionsMenu
com.slidingmenu.example.ExampleListActivity$ActivityAdapter -> com.slidingmenu.example.a:
    com.slidingmenu.example.ExampleListActivity this$0 -> a
    android.view.View getView(int,android.view.View,android.view.ViewGroup) -> getView
com.slidingmenu.example.ExampleListActivity$ActivityInfo -> com.slidingmenu.example.b:
    java.lang.String name -> a
    android.content.Intent intent -> b
com.slidingmenu.example.PropertiesActivity -> com.slidingmenu.example.PropertiesActivity:
    void onCreate(android.os.Bundle) -> onCreate
com.slidingmenu.example.PropertiesActivity$1 -> com.slidingmenu.example.c:
    com.slidingmenu.example.PropertiesActivity this$0 -> a
    void onCheckedChanged(android.widget.RadioGroup,int) -> onCheckedChanged
com.slidingmenu.example.PropertiesActivity$2 -> com.slidingmenu.example.d:
    com.slidingmenu.example.PropertiesActivity this$0 -> a
    void onCheckedChanged(android.widget.RadioGroup,int) -> onCheckedChanged
com.slidingmenu.example.PropertiesActivity$3 -> com.slidingmenu.example.e:
    com.slidingmenu.example.PropertiesActivity this$0 -> a
    void onProgressChanged(android.widget.SeekBar,int,boolean) -> onProgressChanged
    void onStartTrackingTouch(android.widget.SeekBar) -> onStartTrackingTouch
    void onStopTrackingTouch(android.widget.SeekBar) -> onStopTrackingTouch
com.slidingmenu.example.PropertiesActivity$4 -> com.slidingmenu.example.f:
    com.slidingmenu.example.PropertiesActivity this$0 -> a
    void onProgressChanged(android.widget.SeekBar,int,boolean) -> onProgressChanged
    void onStartTrackingTouch(android.widget.SeekBar) -> onStartTrackingTouch
    void onStopTrackingTouch(android.widget.SeekBar) -> onStopTrackingTouch
com.slidingmenu.example.PropertiesActivity$5 -> com.slidingmenu.example.g:
    com.slidingmenu.example.PropertiesActivity this$0 -> a
    void onCheckedChanged(android.widget.CompoundButton,boolean) -> onCheckedChanged
com.slidingmenu.example.PropertiesActivity$6 -> com.slidingmenu.example.h:
    com.slidingmenu.example.PropertiesActivity this$0 -> a
    void onProgressChanged(android.widget.SeekBar,int,boolean) -> onProgressChanged
    void onStartTrackingTouch(android.widget.SeekBar) -> onStartTrackingTouch
    void onStopTrackingTouch(android.widget.SeekBar) -> onStopTrackingTouch
com.slidingmenu.example.PropertiesActivity$7 -> com.slidingmenu.example.i:
    com.slidingmenu.example.PropertiesActivity this$0 -> a
    void onCheckedChanged(android.widget.CompoundButton,boolean) -> onCheckedChanged
com.slidingmenu.example.PropertiesActivity$8 -> com.slidingmenu.example.j:
    com.slidingmenu.example.PropertiesActivity this$0 -> a
    void onProgressChanged(android.widget.SeekBar,int,boolean) -> onProgressChanged
    void onStartTrackingTouch(android.widget.SeekBar) -> onStartTrackingTouch
    void onStopTrackingTouch(android.widget.SeekBar) -> onStopTrackingTouch
...
com.actionbarsherlock.internal.nineoldandroids.animation.AnimatorSet$Builder -> com.actionbarsherlock.internal.nineoldandroids.animation.AnimatorSet$Builder:
    com.actionbarsherlock.internal.nineoldandroids.animation.AnimatorSet$Node mCurrentNode -> mCurrentNode
    com.actionbarsherlock.internal.nineoldandroids.animation.AnimatorSet this$0 -> this$0
    com.actionbarsherlock.internal.nineoldandroids.animation.AnimatorSet$Builder with(com.actionbarsherlock.internal.nineoldandroids.animation.Animator) -> with
    com.actionbarsherlock.internal.nineoldandroids.animation.AnimatorSet$Builder before(com.actionbarsherlock.internal.nineoldandroids.animation.Animator) -> before
    com.actionbarsherlock.internal.nineoldandroids.animation.AnimatorSet$Builder after(com.actionbarsherlock.internal.nineoldandroids.animation.Animator) -> after
    com.actionbarsherlock.internal.nineoldandroids.animation.AnimatorSet$Builder after(long) -> after
com.actionbarsherlock.internal.nineoldandroids.animation.AnimatorSet$Dependency -> com.actionbarsherlock.internal.nineoldandroids.animation.AnimatorSet$Dependency:
    int WITH -> WITH
    int AFTER -> AFTER
    com.actionbarsherlock.internal.nineoldandroids.animation.AnimatorSet$Node node -> node
    int rule -> rule
com.actionbarsherlock.internal.nineoldandroids.animation.AnimatorSet$DependencyListener -> com.actionbarsherlock.internal.nineoldandroids.animation.AnimatorSet$DependencyListener:
    com.actionbarsherlock.internal.nineoldandroids.animation.AnimatorSet mAnimatorSet -> mAnimatorSet
    com.actionbarsherlock.internal.nineoldandroids.animation.AnimatorSet$Node mNode -> mNode
    int mRule -> mRule
    void onAnimationCancel(com.actionbarsherlock.internal.nineoldandroids.animation.Animator) -> onAnimationCancel
    void onAnimationEnd(com.actionbarsherlock.internal.nineoldandroids.animation.Animator) -> onAnimationEnd
    void onAnimationRepeat(com.actionbarsherlock.internal.nineoldandroids.animation.Animator) -> onAnimationRepeat
    void onAnimationStart(com.actionbarsherlock.internal.nineoldandroids.animation.Animator) -> onAnimationStart
    void startIfReady(com.actionbarsherlock.internal.nineoldandroids.animation.Animator) -> startIfReady
com.actionbarsherlock.internal.nineoldandroids.animation.AnimatorSet$Node -> com.actionbarsherlock.internal.nineoldandroids.animation.AnimatorSet$Node:
    com.actionbarsherlock.internal.nineoldandroids.animation.Animator animation -> animation
    java.util.ArrayList dependencies -> dependencies
    java.util.ArrayList tmpDependencies -> tmpDependencies
    java.util.ArrayList nodeDependencies -> nodeDependencies
    java.util.ArrayList nodeDependents -> nodeDependents
    boolean done -> done
    void addDependency(com.actionbarsherlock.internal.nineoldandroids.animation.AnimatorSet$Dependency) -> addDependency
    com.actionbarsherlock.internal.nineoldandroids.animation.AnimatorSet$Node clone() -> clone
    java.lang.Object clone() -> clone
com.actionbarsherlock.internal.nineoldandroids.animation.FloatEvaluator -> com.actionbarsherlock.internal.nineoldandroids.animation.FloatEvaluator:
    java.lang.Float evaluate(float,java.lang.Number,java.lang.Number) -> evaluate
    java.lang.Object evaluate(float,java.lang.Object,java.lang.Object) -> evaluate
com.actionbarsherlock.internal.nineoldandroids.animation.FloatKeyframeSet -> com.actionbarsherlock.internal.nineoldandroids.animation.FloatKeyframeSet:
    float firstValue -> firstValue
    float lastValue -> lastValue
    float deltaValue -> deltaValue
    boolean firstTime -> firstTime
    java.lang.Object getValue(float) -> getValue
    com.actionbarsherlock.internal.nineoldandroids.animation.FloatKeyframeSet clone() -> clone
    float getFloatValue(float) -> getFloatValue
    com.actionbarsherlock.internal.nineoldandroids.animation.KeyframeSet clone() -> clone