example/proguard/usage.txt
com.slidingmenu.example.BaseActivity$BasePagerAdapter
com.slidingmenu.example.BuildConfig
com.slidingmenu.example.ExampleListActivity$ActivityAdapter:
    134:136:public ExampleListActivity$ActivityAdapter(com.slidingmenu.example.ExampleListActivity,android.content.Context)
    139:140:public void addInfo(java.lang.String,android.content.Intent)
com.slidingmenu.example.ExampleListActivity$ActivityInfo:
    final synthetic com.slidingmenu.example.ExampleListActivity this$0
    126:129:public ExampleListActivity$ActivityInfo(com.slidingmenu.example.ExampleListActivity,java.lang.String,android.content.Intent)
com.slidingmenu.example.R
com.slidingmenu.example.R$array
com.slidingmenu.example.R$attr
com.slidingmenu.example.R$bool
com.slidingmenu.example.R$color
com.slidingmenu.example.R$dimen
com.slidingmenu.example.R$drawable
com.slidingmenu.example.R$id
com.slidingmenu.example.R$integer
com.slidingmenu.example.R$layout
com.slidingmenu.example.R$menu
com.slidingmenu.example.R$string
com.slidingmenu.example.R$style
com.slidingmenu.example.R$styleable
com.slidingmenu.example.R$xml
com.slidingmenu.example.Util:
    7:7:public Util()
...
android.support.v4.view.PagerTitleStripIcs$SingleLineAllCapsTransform:
    private static final java.lang.String TAG
android.support.v4.view.VelocityTrackerCompat:
    25:51:public VelocityTrackerCompat()
    91:91:public static float getYVelocity(android.view.VelocityTracker,int)
android.support.v4.view.VelocityTrackerCompat$BaseVelocityTrackerVersionImpl:
    44:44:public float getYVelocity(android.view.VelocityTracker,int)
android.support.v4.view.VelocityTrackerCompat$HoneycombVelocityTrackerVersionImpl:
    58:58:public float getYVelocity(android.view.VelocityTracker,int)
android.support.v4.view.VelocityTrackerCompat$VelocityTrackerVersionImpl:
    public abstract float getYVelocity(android.view.VelocityTracker,int)
android.support.v4.view.VelocityTrackerCompatHoneycomb:
    24:24:VelocityTrackerCompatHoneycomb()
    29:29:public static float getYVelocity(android.view.VelocityTracker,int)
android.support.v4.view.ViewCompat:
    public static final int OVER_SCROLL_ALWAYS
    public static final int OVER_SCROLL_IF_CONTENT_SCROLLS
    public static final int OVER_SCROLL_NEVER
    private static final long FAKE_FRAME_TIME
    public static final int IMPORTANT_FOR_ACCESSIBILITY_AUTO
    public static final int IMPORTANT_FOR_ACCESSIBILITY_YES
    public static final int IMPORTANT_FOR_ACCESSIBILITY_NO
    29:186:public ViewCompat()
    264:264:public static boolean canScrollVertically(android.view.View,int)
    293:294:public static void setOverScrollMode(android.view.View,int)
    330:331:public static void onPopulateAccessibilityEvent(android.view.View,android.view.accessibility.AccessibilityEvent)
    363:364:public static void onInitializeAccessibilityEvent(android.view.View,android.view.accessibility.AccessibilityEvent)
    399:400:public static void onInitializeAccessibilityNodeInfo(android.view.View,android.support.v4.view.accessibility.AccessibilityNodeInfoCompat)
    426:426:public static boolean hasTransientState(android.view.View)
    437:438:public static void setHasTransientState(android.view.View,boolean)
    468:469:public static void postInvalidateOnAnimation(android.view.View,int,int,int,int)
    482:483:public static void postOnAnimation(android.view.View,java.lang.Runnable)
    499:500:public static void postOnAnimationDelayed(android.view.View,java.lang.Runnable,long)
android.support.v4.view.ViewCompat$BaseViewCompatImpl:
    89:89:public boolean canScrollVertically(android.view.View,int)
    96:96:public void setOverScrollMode(android.view.View,int)
    102:102:public void onPopulateAccessibilityEvent(android.view.View,android.view.accessibility.AccessibilityEvent)
    105:105:public void onInitializeAccessibilityEvent(android.view.View,android.view.accessibility.AccessibilityEvent)
    108:108:public void onInitializeAccessibilityNodeInfo(android.view.View,android.support.v4.view.accessibility.AccessibilityNodeInfoCompat)
    111:111:public boolean hasTransientState(android.view.View)
    115:115:public void setHasTransientState(android.view.View,boolean)
    120:121:public void postInvalidateOnAnimation(android.view.View,int,int,int,int)
    123:124:public void postOnAnimation(android.view.View,java.lang.Runnable)
    126:127:public void postOnAnimationDelayed(android.view.View,java.lang.Runnable,long)
    138:138:public android.support.v4.view.accessibility.AccessibilityNodeProviderCompat getAccessibilityNodeProvider(android.view.View)
android.support.v4.view.ViewCompat$GBViewCompatImpl:
    149:150:public void setOverScrollMode(android.view.View,int)